Analizador Sintactico
x = 0
y = 10
z = 2
c = 44
altura = 3
x = 45
x = 44
x = 68
x = 136
x = 34
i = 1
j = 1
j = 1
i = 1
j = 1
j = 1
j = 1
i = 1
j = 1
j = 1
j = 1
j = 1
i = 1
j = 1
j = 1
j = 1
j = 1
j = 1
i = 0
i = 1
i = 2
i = 3
i = 4
i = 5
i = 6
i = 1
j = 1
j = 2
j = 3
i = 1
j = 1
j = 2
j = 3
j = 4
i = 1
j = 1
j = 2
j = 3
j = 4
j = 5
i = 1
j = 1
j = 2
j = 3
j = 4
j = 5
j = 6
i = 0
i = 1
i = 2
i = 3
i = 4
i = 5
i = 6
Lista de variables
altura (Int) = 3
i (Int) = 6
j (Int) = 6
x (Int) = 34
y (Int) = 10
z (Int) = 2
c (Char) = 44
